Start testing: Jul 02 22:04 中国标准时间
----------------------------------------------------------
1/7 Testing: test_Database
1/7 Test: test_Database
Command: "C:/Users/root/Documents/Programs/aaa2/_b/test_Database.exe"
Directory: C:/Users/root/Documents/Programs/aaa2/_b
"test_Database" start time: Jul 02 22:04 中国标准时间
Output:
----------------------------------------------------------
********* Start testing of TestDatabase *********
Config: Using QtTest library 6.11.1, Qt 6.11.1 (x86_64-little_endian-llp64 shared (dynamic) release build; by GCC 13.1.0), windows 11
PASS   : TestDatabase::initTestCase()
QWARN  : TestDatabase::testInsertAndFind() Migration 8 statement failed: "database table is locked Unable to fetch row" - SQL: "DROP TABLE IF EXISTS conversations"
QWARN  : TestDatabase::testInsertAndFind() Migration 8 statement failed: "there is already another table or index with this name: conversations Unable to execute statement" - SQL: "ALTER TABLE conversations_new RENAME TO conversations"
QWARN  : TestDatabase::testInsertAndFind() Migration 10 statement failed: "database table is locked Unable to fetch row" - SQL: "DROP TABLE IF EXISTS messages"
QWARN  : TestDatabase::testInsertAndFind() Migration 10 statement failed: "there is already another table or index with this name: messages Unable to execute statement" - SQL: "ALTER TABLE messages_new RENAME TO messages"
PASS   : TestDatabase::testInsertAndFind()
QWARN  : TestDatabase::testInsertWithServerId() qt.sql.qsqldatabase: QSqlDatabasePrivate::addDatabase: duplicate connection name 'AIChatMain', old connection removed.
QWARN  : TestDatabase::testInsertWithServerId() Migration 8 statement failed: "database table is locked Unable to fetch row" - SQL: "DROP TABLE IF EXISTS conversations"
QWARN  : TestDatabase::testInsertWithServerId() Migration 8 statement failed: "there is already another table or index with this name: conversations Unable to execute statement" - SQL: "ALTER TABLE conversations_new RENAME TO conversations"
QWARN  : TestDatabase::testInsertWithServerId() Migration 10 statement failed: "database table is locked Unable to fetch row" - SQL: "DROP TABLE IF EXISTS messages"
QWARN  : TestDatabase::testInsertWithServerId() Migration 10 statement failed: "there is already another table or index with this name: messages Unable to execute statement" - SQL: "ALTER TABLE messages_new RENAME TO messages"
PASS   : TestDatabase::testInsertWithServerId()
QWARN  : TestDatabase::testFindByServerIdNotFound() qt.sql.qsqldatabase: QSqlDatabasePrivate::addDatabase: duplicate connection name 'AIChatMain', old connection removed.
QWARN  : TestDatabase::testFindByServerIdNotFound() Migration 8 statement failed: "database table is locked Unable to fetch row" - SQL: "DROP TABLE IF EXISTS conversations"
QWARN  : TestDatabase::testFindByServerIdNotFound() Migration 8 statement failed: "there is already another table or index with this name: conversations Unable to execute statement" - SQL: "ALTER TABLE conversations_new RENAME TO conversations"
QWARN  : TestDatabase::testFindByServerIdNotFound() Migration 10 statement failed: "database table is locked Unable to fetch row" - SQL: "DROP TABLE IF EXISTS messages"
QWARN  : TestDatabase::testFindByServerIdNotFound() Migration 10 statement failed: "there is already another table or index with this name: messages Unable to execute statement" - SQL: "ALTER TABLE messages_new RENAME TO messages"
PASS   : TestDatabase::testFindByServerIdNotFound()
QWARN  : TestDatabase::testFindByClientUuidNotFound() qt.sql.qsqldatabase: QSqlDatabasePrivate::addDatabase: duplicate connection name 'AIChatMain', old connection removed.
QWARN  : TestDatabase::testFindByClientUuidNotFound() Migration 8 statement failed: "database table is locked Unable to fetch row" - SQL: "DROP TABLE IF EXISTS conversations"
QWARN  : TestDatabase::testFindByClientUuidNotFound() Migration 8 statement failed: "there is already another table or index with this name: conversations Unable to execute statement" - SQL: "ALTER TABLE conversations_new RENAME TO conversations"
QWARN  : TestDatabase::testFindByClientUuidNotFound() Migration 10 statement failed: "database table is locked Unable to fetch row" - SQL: "DROP TABLE IF EXISTS messages"
QWARN  : TestDatabase::testFindByClientUuidNotFound() Migration 10 statement failed: "there is already another table or index with this name: messages Unable to execute statement" - SQL: "ALTER TABLE messages_new RENAME TO messages"
PASS   : TestDatabase::testFindByClientUuidNotFound()
QWARN  : TestDatabase::testDeleteStaleUnsynced() qt.sql.qsqldatabase: QSqlDatabasePrivate::addDatabase: duplicate connection name 'AIChatMain', old connection removed.
QWARN  : TestDatabase::testDeleteStaleUnsynced() Migration 8 statement failed: "database table is locked Unable to fetch row" - SQL: "DROP TABLE IF EXISTS conversations"
QWARN  : TestDatabase::testDeleteStaleUnsynced() Migration 8 statement failed: "there is already another table or index with this name: conversations Unable to execute statement" - SQL: "ALTER TABLE conversations_new RENAME TO conversations"
QWARN  : TestDatabase::testDeleteStaleUnsynced() Migration 10 statement failed: "database table is locked Unable to fetch row" - SQL: "DROP TABLE IF EXISTS messages"
QWARN  : TestDatabase::testDeleteStaleUnsynced() Migration 10 statement failed: "there is already another table or index with this name: messages Unable to execute statement" - SQL: "ALTER TABLE messages_new RENAME TO messages"
PASS   : TestDatabase::testDeleteStaleUnsynced()
QWARN  : TestDatabase::testDeleteStaleUnsyncedSkipsSyncedMessages() qt.sql.qsqldatabase: QSqlDatabasePrivate::addDatabase: duplicate connection name 'AIChatMain', old connection removed.
QWARN  : TestDatabase::testDeleteStaleUnsyncedSkipsSyncedMessages() Migration 8 statement failed: "database table is locked Unable to fetch row" - SQL: "DROP TABLE IF EXISTS conversations"
QWARN  : TestDatabase::testDeleteStaleUnsyncedSkipsSyncedMessages() Migration 8 statement failed: "there is already another table or index with this name: conversations Unable to execute statement" - SQL: "ALTER TABLE conversations_new RENAME TO conversations"
QWARN  : TestDatabase::testDeleteStaleUnsyncedSkipsSyncedMessages() Migration 10 statement failed: "database table is locked Unable to fetch row" - SQL: "DROP TABLE IF EXISTS messages"
QWARN  : TestDatabase::testDeleteStaleUnsyncedSkipsSyncedMessages() Migration 10 statement failed: "there is already another table or index with this name: messages Unable to execute statement" - SQL: "ALTER TABLE messages_new RENAME TO messages"
PASS   : TestDatabase::testDeleteStaleUnsyncedSkipsSyncedMessages()
QWARN  : TestDatabase::testUnreadCounts() qt.sql.qsqldatabase: QSqlDatabasePrivate::addDatabase: duplicate connection name 'AIChatMain', old connection removed.
QWARN  : TestDatabase::testUnreadCounts() Migration 8 statement failed: "database table is locked Unable to fetch row" - SQL: "DROP TABLE IF EXISTS conversations"
QWARN  : TestDatabase::testUnreadCounts() Migration 8 statement failed: "there is already another table or index with this name: conversations Unable to execute statement" - SQL: "ALTER TABLE conversations_new RENAME TO conversations"
QWARN  : TestDatabase::testUnreadCounts() Migration 10 statement failed: "database table is locked Unable to fetch row" - SQL: "DROP TABLE IF EXISTS messages"
QWARN  : TestDatabase::testUnreadCounts() Migration 10 statement failed: "there is already another table or index with this name: messages Unable to execute statement" - SQL: "ALTER TABLE messages_new RENAME TO messages"
PASS   : TestDatabase::testUnreadCounts()
QWARN  : TestDatabase::testMarkAsRead() qt.sql.qsqldatabase: QSqlDatabasePrivate::addDatabase: duplicate connection name 'AIChatMain', old connection removed.
QWARN  : TestDatabase::testMarkAsRead() Migration 8 statement failed: "database table is locked Unable to fetch row" - SQL: "DROP TABLE IF EXISTS conversations"
QWARN  : TestDatabase::testMarkAsRead() Migration 8 statement failed: "there is already another table or index with this name: conversations Unable to execute statement" - SQL: "ALTER TABLE conversations_new RENAME TO conversations"
QWARN  : TestDatabase::testMarkAsRead() Migration 10 statement failed: "database table is locked Unable to fetch row" - SQL: "DROP TABLE IF EXISTS messages"
QWARN  : TestDatabase::testMarkAsRead() Migration 10 statement failed: "there is already another table or index with this name: messages Unable to execute statement" - SQL: "ALTER TABLE messages_new RENAME TO messages"
PASS   : TestDatabase::testMarkAsRead()
QWARN  : TestDatabase::testUpsertInsertNew() qt.sql.qsqldatabase: QSqlDatabasePrivate::addDatabase: duplicate connection name 'AIChatMain', old connection removed.
QWARN  : TestDatabase::testUpsertInsertNew() Migration 8 statement failed: "database table is locked Unable to fetch row" - SQL: "DROP TABLE IF EXISTS conversations"
QWARN  : TestDatabase::testUpsertInsertNew() Migration 8 statement failed: "there is already another table or index with this name: conversations Unable to execute statement" - SQL: "ALTER TABLE conversations_new RENAME TO conversations"
QWARN  : TestDatabase::testUpsertInsertNew() Migration 10 statement failed: "database table is locked Unable to fetch row" - SQL: "DROP TABLE IF EXISTS messages"
QWARN  : TestDatabase::testUpsertInsertNew() Migration 10 statement failed: "there is already another table or index with this name: messages Unable to execute statement" - SQL: "ALTER TABLE messages_new RENAME TO messages"
PASS   : TestDatabase::testUpsertInsertNew()
QWARN  : TestDatabase::testUpsertUpdateExisting() qt.sql.qsqldatabase: QSqlDatabasePrivate::addDatabase: duplicate connection name 'AIChatMain', old connection removed.
QWARN  : TestDatabase::testUpsertUpdateExisting() Migration 8 statement failed: "database table is locked Unable to fetch row" - SQL: "DROP TABLE IF EXISTS conversations"
QWARN  : TestDatabase::testUpsertUpdateExisting() Migration 8 statement failed: "there is already another table or index with this name: conversations Unable to execute statement" - SQL: "ALTER TABLE conversations_new RENAME TO conversations"
QWARN  : TestDatabase::testUpsertUpdateExisting() Migration 10 statement failed: "database table is locked Unable to fetch row" - SQL: "DROP TABLE IF EXISTS messages"
QWARN  : TestDatabase::testUpsertUpdateExisting() Migration 10 statement failed: "there is already another table or index with this name: messages Unable to execute statement" - SQL: "ALTER TABLE messages_new RENAME TO messages"
PASS   : TestDatabase::testUpsertUpdateExisting()
QWARN  : TestDatabase::testGetLocalMessages() qt.sql.qsqldatabase: QSqlDatabasePrivate::addDatabase: duplicate connection name 'AIChatMain', old connection removed.
QWARN  : TestDatabase::testGetLocalMessages() Migration 8 statement failed: "database table is locked Unable to fetch row" - SQL: "DROP TABLE IF EXISTS conversations"
QWARN  : TestDatabase::testGetLocalMessages() Migration 8 statement failed: "there is already another table or index with this name: conversations Unable to execute statement" - SQL: "ALTER TABLE conversations_new RENAME TO conversations"
QWARN  : TestDatabase::testGetLocalMessages() Migration 10 statement failed: "database table is locked Unable to fetch row" - SQL: "DROP TABLE IF EXISTS messages"
QWARN  : TestDatabase::testGetLocalMessages() Migration 10 statement failed: "there is already another table or index with this name: messages Unable to execute statement" - SQL: "ALTER TABLE messages_new RENAME TO messages"
PASS   : TestDatabase::testGetLocalMessages()
QWARN  : TestDatabase::testGetLocalMessagesBefore() qt.sql.qsqldatabase: QSqlDatabasePrivate::addDatabase: duplicate connection name 'AIChatMain', old connection removed.
QWARN  : TestDatabase::testGetLocalMessagesBefore() Migration 8 statement failed: "database table is locked Unable to fetch row" - SQL: "DROP TABLE IF EXISTS conversations"
QWARN  : TestDatabase::testGetLocalMessagesBefore() Migration 8 statement failed: "there is already another table or index with this name: conversations Unable to execute statement" - SQL: "ALTER TABLE conversations_new RENAME TO conversations"
QWARN  : TestDatabase::testGetLocalMessagesBefore() Migration 10 statement failed: "database table is locked Unable to fetch row" - SQL: "DROP TABLE IF EXISTS messages"
QWARN  : TestDatabase::testGetLocalMessagesBefore() Migration 10 statement failed: "there is already another table or index with this name: messages Unable to execute statement" - SQL: "ALTER TABLE messages_new RENAME TO messages"
PASS   : TestDatabase::testGetLocalMessagesBefore()
QWARN  : TestDatabase::testDeleteMessageSoft() qt.sql.qsqldatabase: QSqlDatabasePrivate::addDatabase: duplicate connection name 'AIChatMain', old connection removed.
QWARN  : TestDatabase::testDeleteMessageSoft() Migration 8 statement failed: "database table is locked Unable to fetch row" - SQL: "DROP TABLE IF EXISTS conversations"
QWARN  : TestDatabase::testDeleteMessageSoft() Migration 8 statement failed: "there is already another table or index with this name: conversations Unable to execute statement" - SQL: "ALTER TABLE conversations_new RENAME TO conversations"
QWARN  : TestDatabase::testDeleteMessageSoft() Migration 10 statement failed: "database table is locked Unable to fetch row" - SQL: "DROP TABLE IF EXISTS messages"
QWARN  : TestDatabase::testDeleteMessageSoft() Migration 10 statement failed: "there is already another table or index with this name: messages Unable to execute statement" - SQL: "ALTER TABLE messages_new RENAME TO messages"
PASS   : TestDatabase::testDeleteMessageSoft()
QWARN  : TestDatabase::testDeleteMessagesSince() qt.sql.qsqldatabase: QSqlDatabasePrivate::addDatabase: duplicate connection name 'AIChatMain', old connection removed.
QWARN  : TestDatabase::testDeleteMessagesSince() Migration 8 statement failed: "database table is locked Unable to fetch row" - SQL: "DROP TABLE IF EXISTS conversations"
QWARN  : TestDatabase::testDeleteMessagesSince() Migration 8 statement failed: "there is already another table or index with this name: conversations Unable to execute statement" - SQL: "ALTER TABLE conversations_new RENAME TO conversations"
QWARN  : TestDatabase::testDeleteMessagesSince() Migration 10 statement failed: "database table is locked Unable to fetch row" - SQL: "DROP TABLE IF EXISTS messages"
QWARN  : TestDatabase::testDeleteMessagesSince() Migration 10 statement failed: "there is already another table or index with this name: messages Unable to execute statement" - SQL: "ALTER TABLE messages_new RENAME TO messages"
PASS   : TestDatabase::testDeleteMessagesSince()
QWARN  : TestDatabase::testDeleteIncompleteMessages() qt.sql.qsqldatabase: QSqlDatabasePrivate::addDatabase: duplicate connection name 'AIChatMain', old connection removed.
QWARN  : TestDatabase::testDeleteIncompleteMessages() Migration 8 statement failed: "database table is locked Unable to fetch row" - SQL: "DROP TABLE IF EXISTS conversations"
QWARN  : TestDatabase::testDeleteIncompleteMessages() Migration 8 statement failed: "there is already another table or index with this name: conversations Unable to execute statement" - SQL: "ALTER TABLE conversations_new RENAME TO conversations"
QWARN  : TestDatabase::testDeleteIncompleteMessages() Migration 10 statement failed: "database table is locked Unable to fetch row" - SQL: "DROP TABLE IF EXISTS messages"
QWARN  : TestDatabase::testDeleteIncompleteMessages() Migration 10 statement failed: "there is already another table or index with this name: messages Unable to execute statement" - SQL: "ALTER TABLE messages_new RENAME TO messages"
PASS   : TestDatabase::testDeleteIncompleteMessages()
QWARN  : TestDatabase::testHasLocalMessages() qt.sql.qsqldatabase: QSqlDatabasePrivate::addDatabase: duplicate connection name 'AIChatMain', old connection removed.
QWARN  : TestDatabase::testHasLocalMessages() Migration 8 statement failed: "database table is locked Unable to fetch row" - SQL: "DROP TABLE IF EXISTS conversations"
QWARN  : TestDatabase::testHasLocalMessages() Migration 8 statement failed: "there is already another table or index with this name: conversations Unable to execute statement" - SQL: "ALTER TABLE conversations_new RENAME TO conversations"
QWARN  : TestDatabase::testHasLocalMessages() Migration 10 statement failed: "database table is locked Unable to fetch row" - SQL: "DROP TABLE IF EXISTS messages"
QWARN  : TestDatabase::testHasLocalMessages() Migration 10 statement failed: "there is already another table or index with this name: messages Unable to execute statement" - SQL: "ALTER TABLE messages_new RENAME TO messages"
PASS   : TestDatabase::testHasLocalMessages()
QWARN  : TestDatabase::testUpdateMessage() qt.sql.qsqldatabase: QSqlDatabasePrivate::addDatabase: duplicate connection name 'AIChatMain', old connection removed.
QWARN  : TestDatabase::testUpdateMessage() Migration 8 statement failed: "database table is locked Unable to fetch row" - SQL: "DROP TABLE IF EXISTS conversations"
QWARN  : TestDatabase::testUpdateMessage() Migration 8 statement failed: "there is already another table or index with this name: conversations Unable to execute statement" - SQL: "ALTER TABLE conversations_new RENAME TO conversations"
QWARN  : TestDatabase::testUpdateMessage() Migration 10 statement failed: "database table is locked Unable to fetch row" - SQL: "DROP TABLE IF EXISTS messages"
QWARN  : TestDatabase::testUpdateMessage() Migration 10 statement failed: "there is already another table or index with this name: messages Unable to execute statement" - SQL: "ALTER TABLE messages_new RENAME TO messages"
PASS   : TestDatabase::testUpdateMessage()
QWARN  : TestDatabase::testSyncMetaRoundTrip() qt.sql.qsqldatabase: QSqlDatabasePrivate::addDatabase: duplicate connection name 'AIChatMain', old connection removed.
QWARN  : TestDatabase::testSyncMetaRoundTrip() Migration 8 statement failed: "database table is locked Unable to fetch row" - SQL: "DROP TABLE IF EXISTS conversations"
QWARN  : TestDatabase::testSyncMetaRoundTrip() Migration 8 statement failed: "there is already another table or index with this name: conversations Unable to execute statement" - SQL: "ALTER TABLE conversations_new RENAME TO conversations"
QWARN  : TestDatabase::testSyncMetaRoundTrip() Migration 10 statement failed: "database table is locked Unable to fetch row" - SQL: "DROP TABLE IF EXISTS messages"
QWARN  : TestDatabase::testSyncMetaRoundTrip() Migration 10 statement failed: "there is already another table or index with this name: messages Unable to execute statement" - SQL: "ALTER TABLE messages_new RENAME TO messages"
PASS   : TestDatabase::testSyncMetaRoundTrip()
PASS   : TestDatabase::cleanupTestCase()
Totals: 20 passed, 0 failed, 0 skipped, 0 blacklisted, 16ms
********* Finished testing of TestDatabase *********
<end of output>
Test time =   0.09 sec
----------------------------------------------------------
Test Passed.
"test_Database" end time: Jul 02 22:04 中国标准时间
"test_Database" time elapsed: 00:00:00
----------------------------------------------------------

2/7 Testing: test_ApiError
2/7 Test: test_ApiError
Command: "C:/Users/root/Documents/Programs/aaa2/_b/test_ApiError.exe"
Directory: C:/Users/root/Documents/Programs/aaa2/_b
"test_ApiError" start time: Jul 02 22:04 中国标准时间
Output:
----------------------------------------------------------
********* Start testing of TestApiError *********
Config: Using QtTest library 6.11.1, Qt 6.11.1 (x86_64-little_endian-llp64 shared (dynamic) release build; by GCC 13.1.0), windows 11
PASS   : TestApiError::initTestCase()
PASS   : TestApiError::testFromJson()
PASS   : TestApiError::testFromJsonEmpty()
PASS   : TestApiError::testFromJsonMissingFields()
PASS   : TestApiError::testNetworkError()
PASS   : TestApiError::testNetworkErrorEmpty()
PASS   : TestApiError::testResultSuccess()
PASS   : TestApiError::testResultError()
PASS   : TestApiError::cleanupTestCase()
Totals: 9 passed, 0 failed, 0 skipped, 0 blacklisted, 3ms
********* Finished testing of TestApiError *********
<end of output>
Test time =   0.07 sec
----------------------------------------------------------
Test Passed.
"test_ApiError" end time: Jul 02 22:04 中国标准时间
"test_ApiError" time elapsed: 00:00:00
----------------------------------------------------------

3/7 Testing: test_JsonHelper
3/7 Test: test_JsonHelper
Command: "C:/Users/root/Documents/Programs/aaa2/_b/test_JsonHelper.exe"
Directory: C:/Users/root/Documents/Programs/aaa2/_b
"test_JsonHelper" start time: Jul 02 22:04 中国标准时间
Output:
----------------------------------------------------------
********* Start testing of TestJsonHelper *********
Config: Using QtTest library 6.11.1, Qt 6.11.1 (x86_64-little_endian-llp64 shared (dynamic) release build; by GCC 13.1.0), windows 11
PASS   : TestJsonHelper::initTestCase()
PASS   : TestJsonHelper::testGetString()
PASS   : TestJsonHelper::testGetStringDefault()
PASS   : TestJsonHelper::testGetStringDefaultEmpty()
PASS   : TestJsonHelper::testGetStringFromNonString()
PASS   : TestJsonHelper::testGetInt()
PASS   : TestJsonHelper::testGetIntFromString()
PASS   : TestJsonHelper::testGetIntFromInvalidString()
PASS   : TestJsonHelper::testGetIntDefault()
PASS   : TestJsonHelper::testGetIntDefaultZero()
PASS   : TestJsonHelper::testGetIntFromBool()
PASS   : TestJsonHelper::testGetBool()
PASS   : TestJsonHelper::testGetBoolDefault()
PASS   : TestJsonHelper::testGetBoolFromNonBool()
PASS   : TestJsonHelper::testGetOptionalDateTime()
PASS   : TestJsonHelper::testGetOptionalDateTimeMissing()
PASS   : TestJsonHelper::testGetOptionalDateTimeNotString()
PASS   : TestJsonHelper::testGetOptionalDateTimeInvalid()
PASS   : TestJsonHelper::testGetOptionalDateTimeNull()
PASS   : TestJsonHelper::testGetArray()
PASS   : TestJsonHelper::testGetArrayMissing()
PASS   : TestJsonHelper::testGetArrayFromNonArray()
PASS   : TestJsonHelper::testGetArrayEmpty()
PASS   : TestJsonHelper::cleanupTestCase()
Totals: 24 passed, 0 failed, 0 skipped, 0 blacklisted, 3ms
********* Finished testing of TestJsonHelper *********
<end of output>
Test time =   0.07 sec
----------------------------------------------------------
Test Passed.
"test_JsonHelper" end time: Jul 02 22:04 中国标准时间
"test_JsonHelper" time elapsed: 00:00:00
----------------------------------------------------------

4/7 Testing: test_UuidGenerator
4/7 Test: test_UuidGenerator
Command: "C:/Users/root/Documents/Programs/aaa2/_b/test_UuidGenerator.exe"
Directory: C:/Users/root/Documents/Programs/aaa2/_b
"test_UuidGenerator" start time: Jul 02 22:04 中国标准时间
Output:
----------------------------------------------------------
********* Start testing of TestUuidGenerator *********
Config: Using QtTest library 6.11.1, Qt 6.11.1 (x86_64-little_endian-llp64 shared (dynamic) release build; by GCC 13.1.0), windows 11
PASS   : TestUuidGenerator::initTestCase()
PASS   : TestUuidGenerator::testNotEmpty()
PASS   : TestUuidGenerator::testNoDashes()
PASS   : TestUuidGenerator::testLength()
PASS   : TestUuidGenerator::testOnlyHexCharacters()
PASS   : TestUuidGenerator::testUnique()
PASS   : TestUuidGenerator::testV4Format()
PASS   : TestUuidGenerator::cleanupTestCase()
Totals: 8 passed, 0 failed, 0 skipped, 0 blacklisted, 2ms
********* Finished testing of TestUuidGenerator *********
<end of output>
Test time =   0.06 sec
----------------------------------------------------------
Test Passed.
"test_UuidGenerator" end time: Jul 02 22:04 中国标准时间
"test_UuidGenerator" time elapsed: 00:00:00
----------------------------------------------------------

5/7 Testing: test_TokenManager
5/7 Test: test_TokenManager
Command: "C:/Users/root/Documents/Programs/aaa2/_b/test_TokenManager.exe"
Directory: C:/Users/root/Documents/Programs/aaa2/_b
"test_TokenManager" start time: Jul 02 22:04 中国标准时间
Output:
----------------------------------------------------------
********* Start testing of TestTokenManager *********
Config: Using QtTest library 6.11.1, Qt 6.11.1 (x86_64-little_endian-llp64 shared (dynamic) release build; by GCC 13.1.0), windows 11
PASS   : TestTokenManager::initTestCase()
PASS   : TestTokenManager::testDecodeExpValid()
PASS   : TestTokenManager::testDecodeExpFutureToken()
PASS   : TestTokenManager::testDecodeExpPastToken()
PASS   : TestTokenManager::testDecodeExpMissingExp()
PASS   : TestTokenManager::testDecodeExpInvalidToken()
PASS   : TestTokenManager::testDecodeExpEmptyToken()
PASS   : TestTokenManager::testDecodeExpMalformedPayload()
PASS   : TestTokenManager::testInitialState()
PASS   : TestTokenManager::testKeychainWriteRead()
PASS   : TestTokenManager::testKeychainOverwrite()
PASS   : TestTokenManager::testKeychainRemove()
PASS   : TestTokenManager::testKeychainReadMissing()
PASS   : TestTokenManager::testServerUrl()
PASS   : TestTokenManager::cleanupTestCase()
Totals: 15 passed, 0 failed, 0 skipped, 0 blacklisted, 18ms
********* Finished testing of TestTokenManager *********
<end of output>
Test time =   0.08 sec
----------------------------------------------------------
Test Passed.
"test_TokenManager" end time: Jul 02 22:04 中国标准时间
"test_TokenManager" time elapsed: 00:00:00
----------------------------------------------------------

6/7 Testing: test_SyncService
6/7 Test: test_SyncService
Command: "C:/Users/root/Documents/Programs/aaa2/_b/test_SyncService.exe"
Directory: C:/Users/root/Documents/Programs/aaa2/_b
"test_SyncService" start time: Jul 02 22:04 中国标准时间
Output:
----------------------------------------------------------
********* Start testing of TestSyncService *********
Config: Using QtTest library 6.11.1, Qt 6.11.1 (x86_64-little_endian-llp64 shared (dynamic) release build; by GCC 13.1.0), windows 11
PASS   : TestSyncService::initTestCase()
QWARN  : TestSyncService::testPhantomCleanup() Migration 8 statement failed: "database table is locked Unable to fetch row" - SQL: "DROP TABLE IF EXISTS conversations"
QWARN  : TestSyncService::testPhantomCleanup() Migration 8 statement failed: "there is already another table or index with this name: conversations Unable to execute statement" - SQL: "ALTER TABLE conversations_new RENAME TO conversations"
QWARN  : TestSyncService::testPhantomCleanup() Migration 10 statement failed: "database table is locked Unable to fetch row" - SQL: "DROP TABLE IF EXISTS messages"
QWARN  : TestSyncService::testPhantomCleanup() Migration 10 statement failed: "there is already another table or index with this name: messages Unable to execute statement" - SQL: "ALTER TABLE messages_new RENAME TO messages"
PASS   : TestSyncService::testPhantomCleanup()
QWARN  : TestSyncService::testDeleteMessagesSincePreservesOld() qt.sql.qsqldatabase: QSqlDatabasePrivate::addDatabase: duplicate connection name 'AIChatMain', old connection removed.
QWARN  : TestSyncService::testDeleteMessagesSincePreservesOld() Migration 8 statement failed: "database table is locked Unable to fetch row" - SQL: "DROP TABLE IF EXISTS conversations"
QWARN  : TestSyncService::testDeleteMessagesSincePreservesOld() Migration 8 statement failed: "there is already another table or index with this name: conversations Unable to execute statement" - SQL: "ALTER TABLE conversations_new RENAME TO conversations"
QWARN  : TestSyncService::testDeleteMessagesSincePreservesOld() Migration 10 statement failed: "database table is locked Unable to fetch row" - SQL: "DROP TABLE IF EXISTS messages"
QWARN  : TestSyncService::testDeleteMessagesSincePreservesOld() Migration 10 statement failed: "there is already another table or index with this name: messages Unable to execute statement" - SQL: "ALTER TABLE messages_new RENAME TO messages"
PASS   : TestSyncService::testDeleteMessagesSincePreservesOld()
QWARN  : TestSyncService::testDeleteMessagesSinceOnlyAffectsTargetUser() qt.sql.qsqldatabase: QSqlDatabasePrivate::addDatabase: duplicate connection name 'AIChatMain', old connection removed.
QWARN  : TestSyncService::testDeleteMessagesSinceOnlyAffectsTargetUser() Migration 8 statement failed: "database table is locked Unable to fetch row" - SQL: "DROP TABLE IF EXISTS conversations"
QWARN  : TestSyncService::testDeleteMessagesSinceOnlyAffectsTargetUser() Migration 8 statement failed: "there is already another table or index with this name: conversations Unable to execute statement" - SQL: "ALTER TABLE conversations_new RENAME TO conversations"
QWARN  : TestSyncService::testDeleteMessagesSinceOnlyAffectsTargetUser() Migration 10 statement failed: "database table is locked Unable to fetch row" - SQL: "DROP TABLE IF EXISTS messages"
QWARN  : TestSyncService::testDeleteMessagesSinceOnlyAffectsTargetUser() Migration 10 statement failed: "there is already another table or index with this name: messages Unable to execute statement" - SQL: "ALTER TABLE messages_new RENAME TO messages"
PASS   : TestSyncService::testDeleteMessagesSinceOnlyAffectsTargetUser()
QWARN  : TestSyncService::testSyncServiceConstruction() qt.sql.qsqldatabase: QSqlDatabasePrivate::addDatabase: duplicate connection name 'AIChatMain', old connection removed.
QWARN  : TestSyncService::testSyncServiceConstruction() Migration 8 statement failed: "database table is locked Unable to fetch row" - SQL: "DROP TABLE IF EXISTS conversations"
QWARN  : TestSyncService::testSyncServiceConstruction() Migration 8 statement failed: "there is already another table or index with this name: conversations Unable to execute statement" - SQL: "ALTER TABLE conversations_new RENAME TO conversations"
QWARN  : TestSyncService::testSyncServiceConstruction() Migration 10 statement failed: "database table is locked Unable to fetch row" - SQL: "DROP TABLE IF EXISTS messages"
QWARN  : TestSyncService::testSyncServiceConstruction() Migration 10 statement failed: "there is already another table or index with this name: messages Unable to execute statement" - SQL: "ALTER TABLE messages_new RENAME TO messages"
PASS   : TestSyncService::testSyncServiceConstruction()
QWARN  : TestSyncService::testSyncServiceSignals() qt.sql.qsqldatabase: QSqlDatabasePrivate::addDatabase: duplicate connection name 'AIChatMain', old connection removed.
QWARN  : TestSyncService::testSyncServiceSignals() Migration 8 statement failed: "database table is locked Unable to fetch row" - SQL: "DROP TABLE IF EXISTS conversations"
QWARN  : TestSyncService::testSyncServiceSignals() Migration 8 statement failed: "there is already another table or index with this name: conversations Unable to execute statement" - SQL: "ALTER TABLE conversations_new RENAME TO conversations"
QWARN  : TestSyncService::testSyncServiceSignals() Migration 10 statement failed: "database table is locked Unable to fetch row" - SQL: "DROP TABLE IF EXISTS messages"
QWARN  : TestSyncService::testSyncServiceSignals() Migration 10 statement failed: "there is already another table or index with this name: messages Unable to execute statement" - SQL: "ALTER TABLE messages_new RENAME TO messages"
PASS   : TestSyncService::testSyncServiceSignals()
PASS   : TestSyncService::cleanupTestCase()
Totals: 7 passed, 0 failed, 0 skipped, 0 blacklisted, 11ms
********* Finished testing of TestSyncService *********
<end of output>
Test time =   0.07 sec
----------------------------------------------------------
Test Passed.
"test_SyncService" end time: Jul 02 22:04 中国标准时间
"test_SyncService" time elapsed: 00:00:00
----------------------------------------------------------

7/7 Testing: test_UnreadTracker
7/7 Test: test_UnreadTracker
Command: "C:/Users/root/Documents/Programs/aaa2/_b/test_UnreadTracker.exe"
Directory: C:/Users/root/Documents/Programs/aaa2/_b
"test_UnreadTracker" start time: Jul 02 22:04 中国标准时间
Output:
----------------------------------------------------------
********* Start testing of TestUnreadTracker *********
Config: Using QtTest library 6.11.1, Qt 6.11.1 (x86_64-little_endian-llp64 shared (dynamic) release build; by GCC 13.1.0), windows 11
PASS   : TestUnreadTracker::initTestCase()
QWARN  : TestUnreadTracker::testInitLoadsCounts() Migration 8 statement failed: "database table is locked Unable to fetch row" - SQL: "DROP TABLE IF EXISTS conversations"
QWARN  : TestUnreadTracker::testInitLoadsCounts() Migration 8 statement failed: "there is already another table or index with this name: conversations Unable to execute statement" - SQL: "ALTER TABLE conversations_new RENAME TO conversations"
QWARN  : TestUnreadTracker::testInitLoadsCounts() Migration 10 statement failed: "database table is locked Unable to fetch row" - SQL: "DROP TABLE IF EXISTS messages"
QWARN  : TestUnreadTracker::testInitLoadsCounts() Migration 10 statement failed: "there is already another table or index with this name: messages Unable to execute statement" - SQL: "ALTER TABLE messages_new RENAME TO messages"
QDEBUG : TestUnreadTracker::testInitLoadsCounts() UnreadTracker::init loaded 2 entries
PASS   : TestUnreadTracker::testInitLoadsCounts()
QWARN  : TestUnreadTracker::testInitEmpty() qt.sql.qsqldatabase: QSqlDatabasePrivate::addDatabase: duplicate connection name 'AIChatMain', old connection removed.
QWARN  : TestUnreadTracker::testInitEmpty() Migration 8 statement failed: "database table is locked Unable to fetch row" - SQL: "DROP TABLE IF EXISTS conversations"
QWARN  : TestUnreadTracker::testInitEmpty() Migration 8 statement failed: "there is already another table or index with this name: conversations Unable to execute statement" - SQL: "ALTER TABLE conversations_new RENAME TO conversations"
QWARN  : TestUnreadTracker::testInitEmpty() Migration 10 statement failed: "database table is locked Unable to fetch row" - SQL: "DROP TABLE IF EXISTS messages"
QWARN  : TestUnreadTracker::testInitEmpty() Migration 10 statement failed: "there is already another table or index with this name: messages Unable to execute statement" - SQL: "ALTER TABLE messages_new RENAME TO messages"
QDEBUG : TestUnreadTracker::testInitEmpty() UnreadTracker::init loaded 0 entries
PASS   : TestUnreadTracker::testInitEmpty()
QWARN  : TestUnreadTracker::testClearAndMarkRead() qt.sql.qsqldatabase: QSqlDatabasePrivate::addDatabase: duplicate connection name 'AIChatMain', old connection removed.
QWARN  : TestUnreadTracker::testClearAndMarkRead() Migration 8 statement failed: "database table is locked Unable to fetch row" - SQL: "DROP TABLE IF EXISTS conversations"
QWARN  : TestUnreadTracker::testClearAndMarkRead() Migration 8 statement failed: "there is already another table or index with this name: conversations Unable to execute statement" - SQL: "ALTER TABLE conversations_new RENAME TO conversations"
QWARN  : TestUnreadTracker::testClearAndMarkRead() Migration 10 statement failed: "database table is locked Unable to fetch row" - SQL: "DROP TABLE IF EXISTS messages"
QWARN  : TestUnreadTracker::testClearAndMarkRead() Migration 10 statement failed: "there is already another table or index with this name: messages Unable to execute statement" - SQL: "ALTER TABLE messages_new RENAME TO messages"
QDEBUG : TestUnreadTracker::testClearAndMarkRead() UnreadTracker::init loaded 1 entries
PASS   : TestUnreadTracker::testClearAndMarkRead()
QWARN  : TestUnreadTracker::testClearAndMarkReadIdempotent() qt.sql.qsqldatabase: QSqlDatabasePrivate::addDatabase: duplicate connection name 'AIChatMain', old connection removed.
QWARN  : TestUnreadTracker::testClearAndMarkReadIdempotent() Migration 8 statement failed: "database table is locked Unable to fetch row" - SQL: "DROP TABLE IF EXISTS conversations"
QWARN  : TestUnreadTracker::testClearAndMarkReadIdempotent() Migration 8 statement failed: "there is already another table or index with this name: conversations Unable to execute statement" - SQL: "ALTER TABLE conversations_new RENAME TO conversations"
QWARN  : TestUnreadTracker::testClearAndMarkReadIdempotent() Migration 10 statement failed: "database table is locked Unable to fetch row" - SQL: "DROP TABLE IF EXISTS messages"
QWARN  : TestUnreadTracker::testClearAndMarkReadIdempotent() Migration 10 statement failed: "there is already another table or index with this name: messages Unable to execute statement" - SQL: "ALTER TABLE messages_new RENAME TO messages"
PASS   : TestUnreadTracker::testClearAndMarkReadIdempotent()
QWARN  : TestUnreadTracker::testActiveChatExclusion() qt.sql.qsqldatabase: QSqlDatabasePrivate::addDatabase: duplicate connection name 'AIChatMain', old connection removed.
QWARN  : TestUnreadTracker::testActiveChatExclusion() Migration 8 statement failed: "database table is locked Unable to fetch row" - SQL: "DROP TABLE IF EXISTS conversations"
QWARN  : TestUnreadTracker::testActiveChatExclusion() Migration 8 statement failed: "there is already another table or index with this name: conversations Unable to execute statement" - SQL: "ALTER TABLE conversations_new RENAME TO conversations"
QWARN  : TestUnreadTracker::testActiveChatExclusion() Migration 10 statement failed: "database table is locked Unable to fetch row" - SQL: "DROP TABLE IF EXISTS messages"
QWARN  : TestUnreadTracker::testActiveChatExclusion() Migration 10 statement failed: "there is already another table or index with this name: messages Unable to execute statement" - SQL: "ALTER TABLE messages_new RENAME TO messages"
PASS   : TestUnreadTracker::testActiveChatExclusion()
QWARN  : TestUnreadTracker::testUnreadMapProperty() qt.sql.qsqldatabase: QSqlDatabasePrivate::addDatabase: duplicate connection name 'AIChatMain', old connection removed.
QWARN  : TestUnreadTracker::testUnreadMapProperty() Migration 8 statement failed: "database table is locked Unable to fetch row" - SQL: "DROP TABLE IF EXISTS conversations"
QWARN  : TestUnreadTracker::testUnreadMapProperty() Migration 8 statement failed: "there is already another table or index with this name: conversations Unable to execute statement" - SQL: "ALTER TABLE conversations_new RENAME TO conversations"
QWARN  : TestUnreadTracker::testUnreadMapProperty() Migration 10 statement failed: "database table is locked Unable to fetch row" - SQL: "DROP TABLE IF EXISTS messages"
QWARN  : TestUnreadTracker::testUnreadMapProperty() Migration 10 statement failed: "there is already another table or index with this name: messages Unable to execute statement" - SQL: "ALTER TABLE messages_new RENAME TO messages"
QDEBUG : TestUnreadTracker::testUnreadMapProperty() UnreadTracker::init loaded 1 entries
PASS   : TestUnreadTracker::testUnreadMapProperty()
QWARN  : TestUnreadTracker::testTotalUnreadSignal() qt.sql.qsqldatabase: QSqlDatabasePrivate::addDatabase: duplicate connection name 'AIChatMain', old connection removed.
QWARN  : TestUnreadTracker::testTotalUnreadSignal() Migration 8 statement failed: "database table is locked Unable to fetch row" - SQL: "DROP TABLE IF EXISTS conversations"
QWARN  : TestUnreadTracker::testTotalUnreadSignal() Migration 8 statement failed: "there is already another table or index with this name: conversations Unable to execute statement" - SQL: "ALTER TABLE conversations_new RENAME TO conversations"
QWARN  : TestUnreadTracker::testTotalUnreadSignal() Migration 10 statement failed: "database table is locked Unable to fetch row" - SQL: "DROP TABLE IF EXISTS messages"
QWARN  : TestUnreadTracker::testTotalUnreadSignal() Migration 10 statement failed: "there is already another table or index with this name: messages Unable to execute statement" - SQL: "ALTER TABLE messages_new RENAME TO messages"
QDEBUG : TestUnreadTracker::testTotalUnreadSignal() UnreadTracker::init loaded 1 entries
PASS   : TestUnreadTracker::testTotalUnreadSignal()
QWARN  : TestUnreadTracker::testUnreadMapSignal() qt.sql.qsqldatabase: QSqlDatabasePrivate::addDatabase: duplicate connection name 'AIChatMain', old connection removed.
QWARN  : TestUnreadTracker::testUnreadMapSignal() Migration 8 statement failed: "database table is locked Unable to fetch row" - SQL: "DROP TABLE IF EXISTS conversations"
QWARN  : TestUnreadTracker::testUnreadMapSignal() Migration 8 statement failed: "there is already another table or index with this name: conversations Unable to execute statement" - SQL: "ALTER TABLE conversations_new RENAME TO conversations"
QWARN  : TestUnreadTracker::testUnreadMapSignal() Migration 10 statement failed: "database table is locked Unable to fetch row" - SQL: "DROP TABLE IF EXISTS messages"
QWARN  : TestUnreadTracker::testUnreadMapSignal() Migration 10 statement failed: "there is already another table or index with this name: messages Unable to execute statement" - SQL: "ALTER TABLE messages_new RENAME TO messages"
QDEBUG : TestUnreadTracker::testUnreadMapSignal() UnreadTracker::init loaded 1 entries
PASS   : TestUnreadTracker::testUnreadMapSignal()
QWARN  : TestUnreadTracker::testSetActiveAiUserSwitching() qt.sql.qsqldatabase: QSqlDatabasePrivate::addDatabase: duplicate connection name 'AIChatMain', old connection removed.
QWARN  : TestUnreadTracker::testSetActiveAiUserSwitching() Migration 8 statement failed: "database table is locked Unable to fetch row" - SQL: "DROP TABLE IF EXISTS conversations"
QWARN  : TestUnreadTracker::testSetActiveAiUserSwitching() Migration 8 statement failed: "there is already another table or index with this name: conversations Unable to execute statement" - SQL: "ALTER TABLE conversations_new RENAME TO conversations"
QWARN  : TestUnreadTracker::testSetActiveAiUserSwitching() Migration 10 statement failed: "database table is locked Unable to fetch row" - SQL: "DROP TABLE IF EXISTS messages"
QWARN  : TestUnreadTracker::testSetActiveAiUserSwitching() Migration 10 statement failed: "there is already another table or index with this name: messages Unable to execute statement" - SQL: "ALTER TABLE messages_new RENAME TO messages"
PASS   : TestUnreadTracker::testSetActiveAiUserSwitching()
PASS   : TestUnreadTracker::testInitWithNullDatabase()
PASS   : TestUnreadTracker::cleanupTestCase()
Totals: 12 passed, 0 failed, 0 skipped, 0 blacklisted, 8ms
********* Finished testing of TestUnreadTracker *********
<end of output>
Test time =   0.07 sec
----------------------------------------------------------
Test Passed.
"test_UnreadTracker" end time: Jul 02 22:04 中国标准时间
"test_UnreadTracker" time elapsed: 00:00:00
----------------------------------------------------------

End testing: Jul 02 22:04 中国标准时间
